2025-09-02 02:42:43,680 WARNING PyNaCl is not installed, voice will NOT be supported
2025-09-02 02:44:17,841 WARNING PyNaCl is not installed, voice will NOT be supported
2025-09-02 02:48:08,672 WARNING PyNaCl is not installed, voice will NOT be supported
2025-09-02 02:48:11,632 INFO [User: 123] Input: Hi
2025-09-02 02:48:11,632 INFO Response: Halo, selamat larut malam \U0001f44b 
Senang bisa ngobrol denganmu.
Aku bisa kasih tips seputar *Diet*, *Latihan*, atau *Relaksasi*.
Mau mulai dari mana?
2025-09-02 02:48:17,069 INFO [User: 123] Input: Diet
2025-09-02 02:48:17,069 INFO Response: Oke, kita bahas diet yaa \U0001f957.
Ini contoh menu harian sehat:

- Sarapan: Oatmeal + buah
- Siang: Nasi merah + dada ayam
- Snack: Yogurt tanpa gula
- Malam: Ikan panggang + salad

Mau aku tambahkan *tips minuman sehat* juga?
2025-09-02 02:48:19,085 INFO [User: 123] Input: Ya
2025-09-02 02:48:19,085 INFO Response: Tips minuman sehat \U0001f4a7:
- Minum air putih minimal 8 gelas sehari
- Infused water (lemon + mint) bisa dicoba
- Teh hijau tanpa gula bagus buat relaksasi

Pola minum yang baik sama pentingnya dengan pola makan.
2025-09-02 02:51:10,886 WARNING PyNaCl is not installed, voice will NOT be supported
2025-09-02 09:21:30,609 WARNING PyNaCl is not installed, voice will NOT be supported
2025-09-02 09:21:30,619 INFO logging in using static token
2025-09-02 09:23:16,388 WARNING PyNaCl is not installed, voice will NOT be supported
2025-09-02 09:23:16,395 INFO logging in using static token
2025-09-02 09:27:25,514 WARNING PyNaCl is not installed, voice will NOT be supported
2025-09-02 09:27:25,523 INFO logging in using static token
2025-09-02 09:37:20,249 WARNING PyNaCl is not installed, voice will NOT be supported
2025-09-02 09:37:20,251 INFO logging in using static token
2025-09-02 09:38:11,394 WARNING PyNaCl is not installed, voice will NOT be supported
2025-09-02 09:38:11,396 INFO logging in using static token
2025-09-02 09:38:33,364 WARNING PyNaCl is not installed, voice will NOT be supported
2025-09-02 09:38:33,366 INFO logging in using static token
2025-09-02 09:41:15,692 WARNING PyNaCl is not installed, voice will NOT be supported
2025-09-02 09:41:15,693 INFO logging in using static token
2025-09-02 09:44:41,715 WARNING PyNaCl is not installed, voice will NOT be supported
2025-09-02 09:44:41,716 INFO logging in using static token
2025-09-02 09:49:44,491 WARNING PyNaCl is not installed, voice will NOT be supported
2025-09-02 09:49:44,493 INFO logging in using static token
2025-09-02 09:50:27,829 WARNING PyNaCl is not installed, voice will NOT be supported
2025-09-02 09:50:27,831 INFO logging in using static token
2025-09-02 09:51:48,227 WARNING PyNaCl is not installed, voice will NOT be supported
2025-09-02 09:51:48,228 INFO logging in using static token
2025-09-02 09:55:55,921 WARNING PyNaCl is not installed, voice will NOT be supported
2025-09-02 09:55:55,922 INFO logging in using static token
2025-09-02 09:59:22,705 WARNING PyNaCl is not installed, voice will NOT be supported
2025-09-02 09:59:22,707 INFO logging in using static token
2025-09-02 09:59:24,744 INFO Shard ID None has connected to Gateway (Session ID: 3109cc2107b4328ce9a4eda7dc8a8c4a).
2025-09-02 09:59:26,748 INFO Bot login sebagai SickSuckHealth#9656
2025-09-02 09:59:37,331 INFO [User: 863728251528544256] Input: halo <@1412048052273025077>
2025-09-02 09:59:37,331 INFO Response: Halo, selamat pagi \U0001f44b 
Senang bisa ngobrol denganmu.
Aku bisa kasih tips seputar *Diet*, *Latihan*, atau *Relaksasi*.
Mau mulai dari mana?
2025-09-02 09:59:45,031 INFO [User: 863728251528544256] Input: aku mau diet <@1412048052273025077>
2025-09-02 09:59:45,031 INFO Response: Oke, kita bahas diet yaa \U0001f957.
Ini contoh menu harian sehat:

- Sarapan: Oatmeal + buah
- Siang: Nasi merah + dada ayam
- Snack: Yogurt tanpa gula
- Malam: Ikan panggang + salad

Mau aku tambahkan *tips minuman sehat* juga?
2025-09-02 09:59:51,633 INFO [User: 863728251528544256] Input: ya <@1412048052273025077>
2025-09-02 09:59:51,633 INFO Response: Tips minuman sehat \U0001f4a7:
- Minum air putih minimal 8 gelas sehari
- Infused water (lemon + mint) bisa dicoba
- Teh hijau tanpa gula bagus buat relaksasi

Pola minum yang baik sama pentingnya dengan pola makan.
